[16:08:28 - main] [Cooja.java:1314] [INFO] - > Starting Cooja
[16:08:29 - main] [Cooja.java:2855] [INFO] - External tools default settings: /external_tools_linux_64.config
[16:08:29 - main] [Cooja.java:2885] [INFO] - External tools user settings: /home/sieben/.cooja.user.properties
[16:08:29 - main] [Cooja.java:4259] [WARN] - Replaced [APPS_DIR]/radiologger-headless with /home/sieben/Dropbox/workspace/contiki/tools/cooja/apps/radiologger-headless (default: /home/sieben/workspace/contiki/tools/cooja/apps), but could not find it. This does not have to be an error, as the file might be created later.
[16:08:29 - main] [Cooja.java:3623] [WARN] - Loaded simulation may depend on not found  extension: '/home/sieben/Dropbox/workspace/contiki/tools/cooja/apps/radiologger-headless'
[16:08:29 - main] [Cooja.java:4259] [WARN] - Replaced [APPS_DIR]/serial2pty with /home/sieben/Dropbox/workspace/contiki/tools/cooja/apps/serial2pty (default: /home/sieben/workspace/contiki/tools/cooja/apps), but could not find it. This does not have to be an error, as the file might be created later.
[16:08:29 - main] [Cooja.java:3623] [WARN] - Loaded simulation may depend on not found  extension: '/home/sieben/Dropbox/workspace/contiki/tools/cooja/apps/serial2pty'
[16:08:29 - main] [Simulation.java:421] [INFO] - Simulation random seed: 123456
[16:08:30 - main] [Cooja.java:1336] [FATAL] - Exception when loading simulation: 
org.contikios.cooja.Cooja$SimulationCreationException: Mote type creation error: Contiki firmware file does not exist: /home/sieben/Dropbox/workspace/results_estimators/packet_size/contikimac/30/udp-client.sky
	at org.contikios.cooja.Cooja.loadSimulationConfig(Cooja.java:3448)
	at org.contikios.cooja.Cooja.loadSimulationConfig(Cooja.java:3360)
	at org.contikios.cooja.Cooja.quickStartSimulationConfig(Cooja.java:1329)
	at org.contikios.cooja.Cooja.main(Cooja.java:3238)
Caused by: org.contikios.cooja.MoteType$MoteTypeCreationException: Contiki firmware file does not exist: /home/sieben/Dropbox/workspace/results_estimators/packet_size/contikimac/30/udp-client.sky
	at org.contikios.cooja.mspmote.SkyMoteType.configureAndInit(SkyMoteType.java:182)
	at org.contikios.cooja.mspmote.MspMoteType.setConfigXML(MspMoteType.java:324)
	at org.contikios.cooja.Simulation.setConfigXML(Simulation.java:690)
	at org.contikios.cooja.Cooja.loadSimulationConfig(Cooja.java:3430)
	... 3 more
